<?xml version="1.0" encoding="UTF-8"?>
<!-- Generated by org.testng.reporters.JUnitReportReporter -->
<testsuite skipped="0" hostname="W0472501MSMXT" name="com.w2a.zoho.rough.TestCase2" tests="1" failures="0" timestamp="2020-01-04T16:39:23 IST" time="17.747" errors="0">
  <testcase name="dologin" time="17.747" classname="com.w2a.zoho.rough.TestCase2"/>
</testsuite> <!-- com.w2a.zoho.rough.TestCase2 -->
