<?xml version="1.0" encoding="UTF-8"?>
<!-- Generated by org.testng.reporters.JUnitReportReporter -->
<testsuite skipped="0" hostname="W0472501MSMXT" name="com.w2a.zoho.rough.LoginTest" tests="2" failures="0" timestamp="2020-01-06T15:26:11 IST" time="29.598" errors="0">
  <testcase name="loginTest" time="14.923" classname="com.w2a.zoho.rough.LoginTest"/>
  <testcase name="loginTest" time="14.675" classname="com.w2a.zoho.rough.LoginTest"/>
</testsuite> <!-- com.w2a.zoho.rough.LoginTest -->
